/home/disk2/SE_data/noisy_for_reconst/FMKC0_FMKC0_SX352.wav /home/disk2/SE_data/clean_wav/FMKC0_FMKC0_SX352.wav 3.936
/home/disk2/SE_data/noisy_for_reconst/FMKF0_FMKF0_SX366.wav /home/disk2/SE_data/clean_wav/FMKF0_FMKF0_SX366.wav 3.808
/home/disk2/SE_data/noisy_for_reconst/FMLD0_FMLD0_SX25.wav /home/disk2/SE_data/clean_wav/FMLD0_FMLD0_SX25.wav 1.90725
/home/disk2/SE_data/noisy_for_reconst/FMMH0_FMMH0_SX420.wav /home/disk2/SE_data/clean_wav/FMMH0_FMMH0_SX420.wav 3.8464375
/home/disk2/SE_data/noisy_for_reconst/FMPG0_FMPG0_SI972.wav /home/disk2/SE_data/clean_wav/FMPG0_FMPG0_SI972.wav 5.344
/home/disk2/SE_data/noisy_for_reconst/FNLP0_FNLP0_SX228.wav /home/disk2/SE_data/clean_wav/FNLP0_FNLP0_SX228.wav 2.29125
/home/disk2/SE_data/noisy_for_reconst/FPAB1_FPAB1_SX121.wav /home/disk2/SE_data/clean_wav/FPAB1_FPAB1_SX121.wav 3.5328125
/home/disk2/SE_data/noisy_for_reconst/FPAC0_FPAC0_SX391.wav /home/disk2/SE_data/clean_wav/FPAC0_FPAC0_SX391.wav 2.4
/home/disk2/SE_data/noisy_for_reconst/FPMY0_FPMY0_SX343.wav /home/disk2/SE_data/clean_wav/FPMY0_FPMY0_SX343.wav 3.53925
/home/disk2/SE_data/noisy_for_reconst/FREH0_FREH0_SI1945.wav /home/disk2/SE_data/clean_wav/FREH0_FREH0_SI1945.wav 4.0448125
/home/disk2/SE_data/noisy_for_reconst/FREW0_FREW0_SX110.wav /home/disk2/SE_data/clean_wav/FREW0_FREW0_SX110.wav 2.51525
/home/disk2/SE_data/noisy_for_reconst/FRJB0_FRJB0_SX77.wav /home/disk2/SE_data/clean_wav/FRJB0_FRJB0_SX77.wav 2.937625
/home/disk2/SE_data/noisy_for_reconst/FSAH0_FSAH0_SI1244.wav /home/disk2/SE_data/clean_wav/FSAH0_FSAH0_SI1244.wav 3.53925
/home/disk2/SE_data/noisy_for_reconst/FSEM0_FSEM0_SX208.wav /home/disk2/SE_data/clean_wav/FSEM0_FSEM0_SX208.wav 3.1104375
/home/disk2/SE_data/noisy_for_reconst/FSGF0_FSGF0_SI2187.wav /home/disk2/SE_data/clean_wav/FSGF0_FSGF0_SI2187.wav 4.025625
/home/disk2/SE_data/noisy_for_reconst/FSJG0_FSJG0_SX310.wav /home/disk2/SE_data/clean_wav/FSJG0_FSJG0_SX310.wav 3.8208125
/home/disk2/SE_data/noisy_for_reconst/FSJW0_FSJW0_SI703.wav /home/disk2/SE_data/clean_wav/FSJW0_FSJW0_SI703.wav 2.592
/home/disk2/SE_data/noisy_for_reconst/FSSB0_FSSB0_SX272.wav /home/disk2/SE_data/clean_wav/FSSB0_FSSB0_SX272.wav 2.5024375
/home/disk2/SE_data/noisy_for_reconst/MAFM0_MAFM0_SI939.wav /home/disk2/SE_data/clean_wav/MAFM0_MAFM0_SI939.wav 3.9488125
/home/disk2/SE_data/noisy_for_reconst/MBDG0_MBDG0_SX23.wav /home/disk2/SE_data/clean_wav/MBDG0_MBDG0_SX23.wav 2.521625
/home/disk2/SE_data/noisy_for_reconst/MBDG0_MBDG0_SX293.wav /home/disk2/SE_data/clean_wav/MBDG0_MBDG0_SX293.wav 3.4048125
/home/disk2/SE_data/noisy_for_reconst/MBJV0_MBJV0_SX257.wav /home/disk2/SE_data/clean_wav/MBJV0_MBJV0_SX257.wav 1.7024375
/home/disk2/SE_data/noisy_for_reconst/MBMA1_MBMA1_SX54.wav /home/disk2/SE_data/clean_wav/MBMA1_MBMA1_SX54.wav 3.833625
/home/disk2/SE_data/noisy_for_reconst/MBOM0_MBOM0_SX114.wav /home/disk2/SE_data/clean_wav/MBOM0_MBOM0_SX114.wav 2.393625
/home/disk2/SE_data/noisy_for_reconst/MBOM0_MBOM0_SX311.wav /home/disk2/SE_data/clean_wav/MBOM0_MBOM0_SX311.wav 3.577625
/home/disk2/SE_data/noisy_for_reconst/MBTH0_MBTH0_SX212.wav /home/disk2/SE_data/clean_wav/MBTH0_MBTH0_SX212.wav 3.3984375
/home/disk2/SE_data/noisy_for_reconst/MBWM0_MBWM0_SI1304.wav /home/disk2/SE_data/clean_wav/MBWM0_MBWM0_SI1304.wav 3.05925
/home/disk2/SE_data/noisy_for_reconst/MCAL0_MCAL0_SI1768.wav /home/disk2/SE_data/clean_wav/MCAL0_MCAL0_SI1768.wav 1.6
/home/disk2/SE_data/noisy_for_reconst/MCDD0_MCDD0_SX253.wav /home/disk2/SE_data/clean_wav/MCDD0_MCDD0_SX253.wav 2.0928125
/home/disk2/SE_data/noisy_for_reconst/MCDD0_MCDD0_SX433.wav /home/disk2/SE_data/clean_wav/MCDD0_MCDD0_SX433.wav 3.0528125
/home/disk2/SE_data/noisy_for_reconst/MCDD0_MCDD0_SX73.wav /home/disk2/SE_data/clean_wav/MCDD0_MCDD0_SX73.wav 2.70725
/home/disk2/SE_data/noisy_for_reconst/MCEF0_MCEF0_SI842.wav /home/disk2/SE_data/clean_wav/MCEF0_MCEF0_SI842.wav 4.17925
/home/disk2/SE_data/noisy_for_reconst/MCSH0_MCSH0_SI919.wav /home/disk2/SE_data/clean_wav/MCSH0_MCSH0_SI919.wav 4.9984375
/home/disk2/SE_data/noisy_for_reconst/MCSH0_MCSH0_SX109.wav /home/disk2/SE_data/clean_wav/MCSH0_MCSH0_SX109.wav 3.3984375
/home/disk2/SE_data/noisy_for_reconst/MCSH0_MCSH0_SX199.wav /home/disk2/SE_data/clean_wav/MCSH0_MCSH0_SX199.wav 4.153625
/home/disk2/SE_data/noisy_for_reconst/MCSH0_MCSH0_SX289.wav /home/disk2/SE_data/clean_wav/MCSH0_MCSH0_SX289.wav 3.5328125
/home/disk2/SE_data/noisy_for_reconst/MCSH0_MCSH0_SX379.wav /home/disk2/SE_data/clean_wav/MCSH0_MCSH0_SX379.wav 2.73925
/home/disk2/SE_data/noisy_for_reconst/MCTH0_MCTH0_SX309.wav /home/disk2/SE_data/clean_wav/MCTH0_MCTH0_SX309.wav 3.1744375
/home/disk2/SE_data/noisy_for_reconst/MDAC0_MDAC0_SI1261.wav /home/disk2/SE_data/clean_wav/MDAC0_MDAC0_SI1261.wav 2.7328125
/home/disk2/SE_data/noisy_for_reconst/MDAS0_MDAS0_SI1896.wav /home/disk2/SE_data/clean_wav/MDAS0_MDAS0_SI1896.wav 4.2048125
/home/disk2/SE_data/noisy_for_reconst/MDEF0_MDEF0_SX393.wav /home/disk2/SE_data/clean_wav/MDEF0_MDEF0_SX393.wav 2.041625
/home/disk2/SE_data/noisy_for_reconst/MDEM0_MDEM0_SX428.wav /home/disk2/SE_data/clean_wav/MDEM0_MDEM0_SX428.wav 4.4864375
/home/disk2/SE_data/noisy_for_reconst/MDHL0_MDHL0_SI809.wav /home/disk2/SE_data/clean_wav/MDHL0_MDHL0_SI809.wav 3.097625
/home/disk2/SE_data/noisy_for_reconst/MDLC2_MDLC2_SI1614.wav /home/disk2/SE_data/clean_wav/MDLC2_MDLC2_SI1614.wav 1.568
/home/disk2/SE_data/noisy_for_reconst/MDSS1_MDSS1_SI697.wav /home/disk2/SE_data/clean_wav/MDSS1_MDSS1_SI697.wav 3.57125
/home/disk2/SE_data/noisy_for_reconst/MDSS1_MDSS1_SX337.wav /home/disk2/SE_data/clean_wav/MDSS1_MDSS1_SX337.wav 2.51525
/home/disk2/SE_data/noisy_for_reconst/MDTB0_MDTB0_SX390.wav /home/disk2/SE_data/clean_wav/MDTB0_MDTB0_SX390.wav 2.4384375
/home/disk2/SE_data/noisy_for_reconst/MDWD0_MDWD0_SX90.wav /home/disk2/SE_data/clean_wav/MDWD0_MDWD0_SX90.wav 2.112
/home/disk2/SE_data/noisy_for_reconst/MEGJ0_MEGJ0_SI707.wav /home/disk2/SE_data/clean_wav/MEGJ0_MEGJ0_SI707.wav 4.1664375
/home/disk2/SE_data/noisy_for_reconst/MEWM0_MEWM0_SI1348.wav /home/disk2/SE_data/clean_wav/MEWM0_MEWM0_SI1348.wav 2.32325
