/home/yxhu/work_nfs/data/tfrecords_station_noise_-5_5/addnoise_2w_chosen_station_noise_-5_5_noisy/roboo_wav_16k_019445.wav /home/yxhu/work_nfs/data/clean_wav_16k/roboo_wav_16k_019445.wav 4.1594375
/home/yxhu/work_nfs/data/tfrecords_station_noise_-5_5/addnoise_2w_chosen_station_noise_-5_5_noisy/roboo_wav_16k_018468.wav /home/yxhu/work_nfs/data/clean_wav_16k/roboo_wav_16k_018468.wav 3.3454375
/home/yxhu/work_nfs/data/tfrecords_station_noise_-5_5/addnoise_2w_chosen_station_noise_-5_5_noisy/speaker003_10041036.wav /home/yxhu/work_nfs/data/clean_wav_16k/speaker003_10041036.wav 8.010875
/home/yxhu/work_nfs/data/tfrecords_station_noise_-5_5/addnoise_2w_chosen_station_noise_-5_5_noisy/speaker034_10351011.wav /home/yxhu/work_nfs/data/clean_wav_16k/speaker034_10351011.wav 7.5929375
/home/yxhu/work_nfs/data/tfrecords_station_noise_-5_5/addnoise_2w_chosen_station_noise_-5_5_noisy/speaker190_11911010.wav /home/yxhu/work_nfs/data/clean_wav_16k/speaker190_11911010.wav 8.6610625
/home/yxhu/work_nfs/data/tfrecords_station_noise_-5_5/addnoise_2w_chosen_station_noise_-5_5_noisy/roboo_wav_16k_024474.wav /home/yxhu/work_nfs/data/clean_wav_16k/roboo_wav_16k_024474.wav 4.7473125
/home/yxhu/work_nfs/data/tfrecords_station_noise_-5_5/addnoise_2w_chosen_station_noise_-5_5_noisy/speaker073_10741039.wav /home/yxhu/work_nfs/data/clean_wav_16k/speaker073_10741039.wav 13.514
/home/yxhu/work_nfs/data/tfrecords_station_noise_-5_5/addnoise_2w_chosen_station_noise_-5_5_noisy/speaker139_11401011.wav /home/yxhu/work_nfs/data/clean_wav_16k/speaker139_11401011.wav 7.8948125
/home/yxhu/work_nfs/data/tfrecords_station_noise_-5_5/addnoise_2w_chosen_station_noise_-5_5_noisy/MMXS0_MMXS0_SX246.wav /home/yxhu/work_nfs/data/clean_wav_16k/MMXS0_MMXS0_SX246.wav 2.361625
/home/yxhu/work_nfs/data/tfrecords_station_noise_-5_5/addnoise_2w_chosen_station_noise_-5_5_noisy/MDLB0_MDLB0_SX406.wav /home/yxhu/work_nfs/data/clean_wav_16k/MDLB0_MDLB0_SX406.wav 4.377625
/home/yxhu/work_nfs/data/tfrecords_station_noise_-5_5/addnoise_2w_chosen_station_noise_-5_5_noisy/speaker121_11221002.wav /home/yxhu/work_nfs/data/clean_wav_16k/speaker121_11221002.wav 8.986125
/home/yxhu/work_nfs/data/tfrecords_station_noise_-5_5/addnoise_2w_chosen_station_noise_-5_5_noisy/speaker091_10921025.wav /home/yxhu/work_nfs/data/clean_wav_16k/speaker091_10921025.wav 8.800375
/home/yxhu/work_nfs/data/tfrecords_station_noise_-5_5/addnoise_2w_chosen_station_noise_-5_5_noisy/wav4_200_16k_100109.wav /home/yxhu/work_nfs/data/clean_wav_16k/wav4_200_16k_100109.wav 3.6864375
/home/yxhu/work_nfs/data/tfrecords_station_noise_-5_5/addnoise_2w_chosen_station_noise_-5_5_noisy/speaker190_11911016.wav /home/yxhu/work_nfs/data/clean_wav_16k/speaker190_11911016.wav 9.8220625
/home/yxhu/work_nfs/data/tfrecords_station_noise_-5_5/addnoise_2w_chosen_station_noise_-5_5_noisy/roboo_wav_16k_001489.wav /home/yxhu/work_nfs/data/clean_wav_16k/roboo_wav_16k_001489.wav 3.554
/home/yxhu/work_nfs/data/tfrecords_station_noise_-5_5/addnoise_2w_chosen_station_noise_-5_5_noisy/wav4_200_16k_100057.wav /home/yxhu/work_nfs/data/clean_wav_16k/wav4_200_16k_100057.wav 4.32
/home/yxhu/work_nfs/data/tfrecords_station_noise_-5_5/addnoise_2w_chosen_station_noise_-5_5_noisy/MRJT0_MRJT0_SI1498.wav /home/yxhu/work_nfs/data/clean_wav_16k/MRJT0_MRJT0_SI1498.wav 2.7904375
/home/yxhu/work_nfs/data/tfrecords_station_noise_-5_5/addnoise_2w_chosen_station_noise_-5_5_noisy/wav_200_0200.wav /home/yxhu/work_nfs/data/clean_wav_16k/wav_200_0200.wav 6.31
/home/yxhu/work_nfs/data/tfrecords_station_noise_-5_5/addnoise_2w_chosen_station_noise_-5_5_noisy/wav2_200_00091.wav /home/yxhu/work_nfs/data/clean_wav_16k/wav2_200_00091.wav 9.4400625
/home/yxhu/work_nfs/data/tfrecords_station_noise_-5_5/addnoise_2w_chosen_station_noise_-5_5_noisy/speaker075_10761031.wav /home/yxhu/work_nfs/data/clean_wav_16k/speaker075_10761031.wav 10.3793125
/home/yxhu/work_nfs/data/tfrecords_station_noise_-5_5/addnoise_2w_chosen_station_noise_-5_5_noisy/zte_wav_16k_input_046_000026.wav /home/yxhu/work_nfs/data/clean_wav_16k/zte_wav_16k_input_046_000026.wav 5.9264375
/home/yxhu/work_nfs/data/tfrecords_station_noise_-5_5/addnoise_2w_chosen_station_noise_-5_5_noisy/roboo_wav_16k_022442.wav /home/yxhu/work_nfs/data/clean_wav_16k/roboo_wav_16k_022442.wav 3.3058125
/home/yxhu/work_nfs/data/tfrecords_station_noise_-5_5/addnoise_2w_chosen_station_noise_-5_5_noisy/roboo_wav_16k_003341.wav /home/yxhu/work_nfs/data/clean_wav_16k/roboo_wav_16k_003341.wav 3.9490625
/home/yxhu/work_nfs/data/tfrecords_station_noise_-5_5/addnoise_2w_chosen_station_noise_-5_5_noisy/roboo_wav_16k_011320.wav /home/yxhu/work_nfs/data/clean_wav_16k/roboo_wav_16k_011320.wav 4.23
/home/yxhu/work_nfs/data/tfrecords_station_noise_-5_5/addnoise_2w_chosen_station_noise_-5_5_noisy/wav6_200_100153.wav /home/yxhu/work_nfs/data/clean_wav_16k/wav6_200_100153.wav 4.6695
/home/yxhu/work_nfs/data/tfrecords_station_noise_-5_5/addnoise_2w_chosen_station_noise_-5_5_noisy/speaker047_10481013.wav /home/yxhu/work_nfs/data/clean_wav_16k/speaker047_10481013.wav 12.631625
/home/yxhu/work_nfs/data/tfrecords_station_noise_-5_5/addnoise_2w_chosen_station_noise_-5_5_noisy/speaker101_11021027.wav /home/yxhu/work_nfs/data/clean_wav_16k/speaker101_11021027.wav 8.31275
/home/yxhu/work_nfs/data/tfrecords_station_noise_-5_5/addnoise_2w_chosen_station_noise_-5_5_noisy/speaker057_10581004.wav /home/yxhu/work_nfs/data/clean_wav_16k/speaker057_10581004.wav 13.8855625
/home/yxhu/work_nfs/data/tfrecords_station_noise_-5_5/addnoise_2w_chosen_station_noise_-5_5_noisy/MRHL0_MRHL0_SX75.wav /home/yxhu/work_nfs/data/clean_wav_16k/MRHL0_MRHL0_SX75.wav 2.22725
/home/yxhu/work_nfs/data/tfrecords_station_noise_-5_5/addnoise_2w_chosen_station_noise_-5_5_noisy/zte_wav_16k_input_060_000001.wav /home/yxhu/work_nfs/data/clean_wav_16k/zte_wav_16k_input_060_000001.wav 7.8730625
/home/yxhu/work_nfs/data/tfrecords_station_noise_-5_5/addnoise_2w_chosen_station_noise_-5_5_noisy/FALK0_FALK0_SX96.wav /home/yxhu/work_nfs/data/clean_wav_16k/FALK0_FALK0_SX96.wav 3.15525
/home/yxhu/work_nfs/data/tfrecords_station_noise_-5_5/addnoise_2w_chosen_station_noise_-5_5_noisy/speaker096_10971018.wav /home/yxhu/work_nfs/data/clean_wav_16k/speaker096_10971018.wav 8.986125
/home/yxhu/work_nfs/data/tfrecords_station_noise_-5_5/addnoise_2w_chosen_station_noise_-5_5_noisy/wav6_200_100051.wav /home/yxhu/work_nfs/data/clean_wav_16k/wav6_200_100051.wav 5.5
/home/yxhu/work_nfs/data/tfrecords_station_noise_-5_5/addnoise_2w_chosen_station_noise_-5_5_noisy/MDCD0_MDCD0_SX335.wav /home/yxhu/work_nfs/data/clean_wav_16k/MDCD0_MDCD0_SX335.wav 4.377625
/home/yxhu/work_nfs/data/tfrecords_station_noise_-5_5/addnoise_2w_chosen_station_noise_-5_5_noisy/speaker106_11071008.wav /home/yxhu/work_nfs/data/clean_wav_16k/speaker106_11071008.wav 10.1703125
/home/yxhu/work_nfs/data/tfrecords_station_noise_-5_5/addnoise_2w_chosen_station_noise_-5_5_noisy/roboo_wav_16k_033376.wav /home/yxhu/work_nfs/data/clean_wav_16k/roboo_wav_16k_033376.wav 3.84
/home/yxhu/work_nfs/data/tfrecords_station_noise_-5_5/addnoise_2w_chosen_station_noise_-5_5_noisy/MDMA0_MDMA0_SX80.wav /home/yxhu/work_nfs/data/clean_wav_16k/MDMA0_MDMA0_SX80.wav 2.464
/home/yxhu/work_nfs/data/tfrecords_station_noise_-5_5/addnoise_2w_chosen_station_noise_-5_5_noisy/speaker113_11141018.wav /home/yxhu/work_nfs/data/clean_wav_16k/speaker113_11141018.wav 8.10375
/home/yxhu/work_nfs/data/tfrecords_station_noise_-5_5/addnoise_2w_chosen_station_noise_-5_5_noisy/MVRW0_MVRW0_SX45.wav /home/yxhu/work_nfs/data/clean_wav_16k/MVRW0_MVRW0_SX45.wav 2.3104375
/home/yxhu/work_nfs/data/tfrecords_station_noise_-5_5/addnoise_2w_chosen_station_noise_-5_5_noisy/roboo_wav_16k_031492.wav /home/yxhu/work_nfs/data/clean_wav_16k/roboo_wav_16k_031492.wav 4.827
/home/yxhu/work_nfs/data/tfrecords_station_noise_-5_5/addnoise_2w_chosen_station_noise_-5_5_noisy/speaker075_10761029.wav /home/yxhu/work_nfs/data/clean_wav_16k/speaker075_10761029.wav 9.079
/home/yxhu/work_nfs/data/tfrecords_station_noise_-5_5/addnoise_2w_chosen_station_noise_-5_5_noisy/speaker032_10331033.wav /home/yxhu/work_nfs/data/clean_wav_16k/speaker032_10331033.wav 8.6610625
/home/yxhu/work_nfs/data/tfrecords_station_noise_-5_5/addnoise_2w_chosen_station_noise_-5_5_noisy/MRJM0_MRJM0_SI1228.wav /home/yxhu/work_nfs/data/clean_wav_16k/MRJM0_MRJM0_SI1228.wav 2.8544375
/home/yxhu/work_nfs/data/tfrecords_station_noise_-5_5/addnoise_2w_chosen_station_noise_-5_5_noisy/MNTW0_MNTW0_SI1698.wav /home/yxhu/work_nfs/data/clean_wav_16k/MNTW0_MNTW0_SI1698.wav 5.0304375
/home/yxhu/work_nfs/data/tfrecords_station_noise_-5_5/addnoise_2w_chosen_station_noise_-5_5_noisy/speaker070_10711039.wav /home/yxhu/work_nfs/data/clean_wav_16k/speaker070_10711039.wav 10.3793125
/home/yxhu/work_nfs/data/tfrecords_station_noise_-5_5/addnoise_2w_chosen_station_noise_-5_5_noisy/speaker099_11001015.wav /home/yxhu/work_nfs/data/clean_wav_16k/speaker099_11001015.wav 9.2415625
/home/yxhu/work_nfs/data/tfrecords_station_noise_-5_5/addnoise_2w_chosen_station_noise_-5_5_noisy/roboo_wav_16k_006468.wav /home/yxhu/work_nfs/data/clean_wav_16k/roboo_wav_16k_006468.wav 2.628125
/home/yxhu/work_nfs/data/tfrecords_station_noise_-5_5/addnoise_2w_chosen_station_noise_-5_5_noisy/FTBW0_FTBW0_SX265.wav /home/yxhu/work_nfs/data/clean_wav_16k/FTBW0_FTBW0_SX265.wav 2.777625
/home/yxhu/work_nfs/data/tfrecords_station_noise_-5_5/addnoise_2w_chosen_station_noise_-5_5_noisy/zte_wav_16k_input_077_000001.wav /home/yxhu/work_nfs/data/clean_wav_16k/zte_wav_16k_input_077_000001.wav 9.737375
/home/yxhu/work_nfs/data/tfrecords_station_noise_-5_5/addnoise_2w_chosen_station_noise_-5_5_noisy/roboo_wav_16k_009451.wav /home/yxhu/work_nfs/data/clean_wav_16k/roboo_wav_16k_009451.wav 3.782375
